Traceback (most recent call last):
  File "C:\Users\ryann\OneDrive\Desktop\projects\deerhacks\backend\test_sf.py", line 7, in <module>
    conn = snowflake.connector.connect(
           ^^^^^^^^^^^^^^^^^^^^^^^^^^^^
  File "C:\Users\ryann\AppData\Local\Packages\PythonSoftwareFoundation.Python.3.11_qbz5n2kfra8p0\LocalCache\local-packages\Python311\site-packages\snowflake\connector\__init__.py", line 76, in Connect
    return SnowflakeConnection(**kwargs)
           ^^^^^^^^^^^^^^^^^^^^^^^^^^^^^
  File "C:\Users\ryann\AppData\Local\Packages\PythonSoftwareFoundation.Python.3.11_qbz5n2kfra8p0\LocalCache\local-packages\Python311\site-packages\snowflake\connector\connection.py", line 679, in __init__
    self.connect(**kwargs)
  File "C:\Users\ryann\AppData\Local\Packages\PythonSoftwareFoundation.Python.3.11_qbz5n2kfra8p0\LocalCache\local-packages\Python311\site-packages\snowflake\connector\connection.py", line 1174, in connect
    self.__open_connection()
  File "C:\Users\ryann\AppData\Local\Packages\PythonSoftwareFoundation.Python.3.11_qbz5n2kfra8p0\LocalCache\local-packages\Python311\site-packages\snowflake\connector\connection.py", line 1602, in __open_connection
    self.authenticate_with_retry(self.auth_class)
  File "C:\Users\ryann\AppData\Local\Packages\PythonSoftwareFoundation.Python.3.11_qbz5n2kfra8p0\LocalCache\local-packages\Python311\site-packages\snowflake\connector\connection.py", line 1938, in authenticate_with_retry
    self._authenticate(auth_instance)
  File "C:\Users\ryann\AppData\Local\Packages\PythonSoftwareFoundation.Python.3.11_qbz5n2kfra8p0\LocalCache\local-packages\Python311\site-packages\snowflake\connector\connection.py", line 1970, in _authenticate
    auth.authenticate(
  File "C:\Users\ryann\AppData\Local\Packages\PythonSoftwareFoundation.Python.3.11_qbz5n2kfra8p0\LocalCache\local-packages\Python311\site-packages\snowflake\connector\auth\_auth.py", line 271, in authenticate
    ret = self._rest._post_request(
          ^^^^^^^^^^^^^^^^^^^^^^^^^
  File "C:\Users\ryann\AppData\Local\Packages\PythonSoftwareFoundation.Python.3.11_qbz5n2kfra8p0\LocalCache\local-packages\Python311\site-packages\snowflake\connector\network.py", line 754, in _post_request
    ret = self.fetch(
          ^^^^^^^^^^^
  File "C:\Users\ryann\AppData\Local\Packages\PythonSoftwareFoundation.Python.3.11_qbz5n2kfra8p0\LocalCache\local-packages\Python311\site-packages\snowflake\connector\network.py", line 873, in fetch
    ret = self._request_exec_wrapper(
          ^^^^^^^^^^^^^^^^^^^^^^^^^^^
  File "C:\Users\ryann\AppData\Local\Packages\PythonSoftwareFoundation.Python.3.11_qbz5n2kfra8p0\LocalCache\local-packages\Python311\site-packages\snowflake\connector\network.py", line 1014, in _request_exec_wrapper
    raise e
  File "C:\Users\ryann\AppData\Local\Packages\PythonSoftwareFoundation.Python.3.11_qbz5n2kfra8p0\LocalCache\local-packages\Python311\site-packages\snowflake\connector\network.py", line 924, in _request_exec_wrapper
    return_object = self._request_exec(
                    ^^^^^^^^^^^^^^^^^^^
  File "C:\Users\ryann\AppData\Local\Packages\PythonSoftwareFoundation.Python.3.11_qbz5n2kfra8p0\LocalCache\local-packages\Python311\site-packages\snowflake\connector\network.py", line 1221, in _request_exec
    raise err
  File "C:\Users\ryann\AppData\Local\Packages\PythonSoftwareFoundation.Python.3.11_qbz5n2kfra8p0\LocalCache\local-packages\Python311\site-packages\snowflake\connector\network.py", line 1168, in _request_exec
    raise_failed_request_error(
  File "C:\Users\ryann\AppData\Local\Packages\PythonSoftwareFoundation.Python.3.11_qbz5n2kfra8p0\LocalCache\local-packages\Python311\site-packages\snowflake\connector\network.py", line 232, in raise_failed_request_error
    Error.errorhandler_wrapper(
  File "C:\Users\ryann\AppData\Local\Packages\PythonSoftwareFoundation.Python.3.11_qbz5n2kfra8p0\LocalCache\local-packages\Python311\site-packages\snowflake\connector\errors.py", line 298, in errorhandler_wrapper
    handed_over = Error.hand_to_other_handler(
                  ^^^^^^^^^^^^^^^^^^^^^^^^^^^^
  File "C:\Users\ryann\AppData\Local\Packages\PythonSoftwareFoundation.Python.3.11_qbz5n2kfra8p0\LocalCache\local-packages\Python311\site-packages\snowflake\connector\errors.py", line 361, in hand_to_other_handler
    connection.errorhandler(connection, cursor, error_class, error_value)
  File "C:\Users\ryann\AppData\Local\Packages\PythonSoftwareFoundation.Python.3.11_qbz5n2kfra8p0\LocalCache\local-packages\Python311\site-packages\snowflake\connector\errors.py", line 229, in default_errorhandler
    raise error_class(
snowflake.connector.errors.HttpError: 290404 (08001): 404 Not Found: post BR07012.snowflakecomputing.com:443/session/v1/login-request
